

Microchip Technology PIC18 LITE Macro Assembler V1.41 build -162212810 
                                                                                               Mon Jun 12 19:08:20 2017

Microchip Technology Omniscient Code Generator v1.41 (Free mode) build 201701250102
     1                           	processor	18F25K22
     2                           	fnconf	rparam,??,?,0
     3                           	opt	pw 120
     4                           	opt	lm
     5                           	psect	cinit,global,reloc=2,class=CODE,delta=1
     6                           	psect	bssCOMRAM,global,class=COMRAM,space=1,delta=1,noexec
     7                           	psect	cstackCOMRAM,global,class=COMRAM,space=1,delta=1,noexec
     8                           	psect	text0,global,reloc=2,class=CODE,delta=1
     9                           	psect	text1,global,reloc=2,class=CODE,delta=1
    10                           	psect	intcode,global,reloc=2,class=CODE,delta=1
    11                           	psect	text3,global,reloc=2,class=CODE,delta=1
    12                           	psect	intsave_regs,global,class=BIGRAM,space=1,delta=1,noexec
    13                           	psect	rparam,global,class=COMRAM,space=1,delta=1,noexec
    14                           	psect	temp,global,ovrld,common,class=COMRAM,space=1,delta=1
    15  0000                     
    16                           ; Version 1.41
    17                           ; Generated 25/01/2017 GMT
    18                           ; 
    19                           ; Copyright © 2017, Microchip Technology Inc. and its subsidiaries ("Microchip")
    20                           ; All rights reserved.
    21                           ; 
    22                           ; This software is developed by Microchip Technology Inc. and its subsidiaries ("Microch
      +                          ip").
    23                           ; 
    24                           ; Redistribution and use in source and binary forms, with or without modification, are
    25                           ; permitted provided that the following conditions are met:
    26                           ; 
    27                           ;     1. Redistributions of source code must retain the above copyright notice, this lis
      +                          t of
    28                           ;        conditions and the following disclaimer.
    29                           ; 
    30                           ;     2. Redistributions in binary form must reproduce the above copyright notice, this 
      +                          list
    31                           ;        of conditions and the following disclaimer in the documentation and/or other
    32                           ;        materials provided with the distribution.
    33                           ; 
    34                           ;     3. Microchip's name may not be used to endorse or promote products derived from th
      +                          is
    35                           ;        software without specific prior written permission.
    36                           ; 
    37                           ; THIS SOFTWARE IS PROVIDED BY MICROCHIP "AS IS" AND ANY EXPRESS OR IMPLIED WARRANTIES,
    38                           ; INCLUDING, BUT NOT LIMITED TO, THE IMPLIED WARRANTIES OF MERCHANTABILITY AND FITNESS F
      +                          OR
    39                           ; PURPOSE ARE DISCLAIMED.  IN NO EVENT SHALL MICROCHIP BE LIABLE FOR ANY DIRECT, INDIREC
      +                          T,
    40                           ; INCIDENTAL, SPECIAL, EXEMPLARY, OR CONSEQUENTIAL DAMAGES (INCLUDING BUT NOT LIMITED TO
    41                           ; PROCUREMENT OF SUBSTITUTE GOODS OR SERVICES; LOSS OF USE, DATA OR PROFITS; OR BUSINESS
    42                           ; INTERRUPTION) HOWSOEVER CAUSED AND ON ANY THEORY OF LIABILITY, WHETHER IN CONTRACT, ST
      +                          RICT
    43                           ; LIABILITY, OR TORT (INCLUDING NEGLIGENCE OR OTHERWISE) ARISING IN ANY WAY OUT OF THE U
      +                          SE OF
    44                           ; THIS SOFTWARE, EVEN IF ADVISED OF THE POSSIBILITY OF SUCH DAMAGE.
    45                           ; 
    46                           ; 
    47                           ; Code-generator required, PIC18F25K22 Definitions
    48                           ; 
    49                           ; SFR Addresses
    50  0000                     _CCPR5	set	3925
    51  0000                     _CCPTMRS1bits	set	3912
    52  0000                     _CCP5CONbits	set	3924
    53  0000                     _ANSELA	set	3896
    54  0000                     _CCPR1	set	4030
    55  0000                     _PIR4bits	set	3963
    56  0000                     _PORTAbits	set	3968
    57  0000                     _PIR1bits	set	3998
    58  0000                     _T1CONbits	set	4045
    59  0000                     _IPR4bits	set	3964
    60  0000                     _PIE4bits	set	3962
    61  0000                     _PR2	set	4027
    62  0000                     _T2CONbits	set	4026
    63  0000                     _T2CON	set	4026
    64  0000                     _IPR1bits	set	3999
    65  0000                     _PIE1bits	set	3997
    66  0000                     _INTCONbits	set	4082
    67  0000                     _RCONbits	set	4048
    68  0000                     _TRISAbits	set	3986
    69  0000                     _OSCCONbits	set	4051
    70                           
    71                           ; #config settings
    72  0000                     
    73                           	psect	cinit
    74  0001A6                     __pcinit:
    75                           	opt stack 0
    76  0001A6                     start_initialization:
    77                           	opt stack 0
    78  0001A6                     __initialization:
    79                           	opt stack 0
    80                           
    81                           ; Clear objects allocated to COMRAM (9 bytes)
    82  0001A6  EE00  F015         	lfsr	0,__pbssCOMRAM
    83  0001AA  0E09               	movlw	9
    84  0001AC                     clear_0:
    85  0001AC  6AEE               	clrf	postinc0,c
    86  0001AE  06E8               	decf	wreg,f,c
    87  0001B0  E1FD               	bnz	clear_0
    88  0001B2                     end_of_initialization:
    89                           	opt stack 0
    90  0001B2                     __end_of__initialization:
    91                           	opt stack 0
    92  0001B2  901E               	bcf	int$flags,0,c	;clear compiler interrupt flag (level 1)
    93  0001B4  921E               	bcf	int$flags,1,c	;clear compiler interrupt flag (level 2)
    94  0001B6  0E00               	movlw	low (__Lmediumconst shr (0+16))
    95  0001B8  6EF8               	movwf	tblptru,c
    96  0001BA  0100               	movlb	0
    97  0001BC  EFE0  F000         	goto	_main	;jump to C main() function
    98                           tblptru	equ	0xFF8
    99                           postinc0	equ	0xFEE
   100                           wreg	equ	0xFE8
   101                           
   102                           	psect	bssCOMRAM
   103  000015                     __pbssCOMRAM:
   104                           	opt stack 0
   105  000015                     _distance:
   106                           	opt stack 0
   107  000015                     	ds	2
   108  000017                     _capture:
   109                           	opt stack 0
   110  000017                     	ds	2
   111  000019                     _temp:
   112                           	opt stack 0
   113  000019                     	ds	2
   114  00001B                     	ds	2
   115  00001D                     _trigger:
   116                           	opt stack 0
   117  00001D                     	ds	1
   118                           tblptru	equ	0xFF8
   119                           postinc0	equ	0xFEE
   120                           wreg	equ	0xFE8
   121                           
   122                           	psect	cstackCOMRAM
   123  000001                     __pcstackCOMRAM:
   124                           	opt stack 0
   125  000001                     CompleteCapture@instant:
   126                           	opt stack 0
   127                           
   128                           ; 2 bytes @ 0x0
   129  000001                     	ds	2
   130  000003                     ??_CompleteCapture:
   131                           
   132                           ; 1 bytes @ 0x2
   133  000003                     	ds	2
   134  000005                     ??_interruptions:
   135                           
   136                           ; 1 bytes @ 0x4
   137  000005                     	ds	14
   138  000013                     interruptions@val:
   139                           	opt stack 0
   140                           
   141                           ; 2 bytes @ 0x12
   142  000013                     	ds	2
   143  000015                     tblptru	equ	0xFF8
   144                           postinc0	equ	0xFEE
   145                           wreg	equ	0xFE8
   146                           
   147                           ; 1 bytes @ 0x14
   148 ;;
   149 ;;Main: autosize = 0, tempsize = 0, incstack = 0, save=0
   150 ;;
   151 ;; *************** function _main *****************
   152 ;; Defined at:
   153 ;;		line 166 in file "main.c"
   154 ;; Parameters:    Size  Location     Type
   155 ;;		None
   156 ;; Auto vars:     Size  Location     Type
   157 ;;		None
   158 ;; Return value:  Size  Location     Type
   159 ;;                  1    wreg      void 
   160 ;; Registers used:
   161 ;;		wreg, status,2, cstack
   162 ;; Tracked objects:
   163 ;;		On entry : 0/0
   164 ;;		On exit  : 0/0
   165 ;;		Unchanged: 0/0
   166 ;; Data sizes:     COMRAM   BANK0   BANK1   BANK2   BANK3   BANK4   BANK5
   167 ;;      Params:         0       0       0       0       0       0       0
   168 ;;      Locals:         0       0       0       0       0       0       0
   169 ;;      Temps:          0       0       0       0       0       0       0
   170 ;;      Totals:         0       0       0       0       0       0       0
   171 ;;Total ram usage:        0 bytes
   172 ;; Hardware stack levels required when called:    3
   173 ;; This function calls:
   174 ;;		_initialisationHardware
   175 ;; This function is called by:
   176 ;;		Startup code after reset
   177 ;; This function uses a non-reentrant model
   178 ;;
   179                           
   180                           	psect	text0
   181  0001C0                     __ptext0:
   182                           	opt stack 0
   183  0001C0                     _main:
   184                           	opt stack 28
   185                           
   186                           ;main.c: 168: initialisationHardware();
   187                           
   188                           ;incstack = 0
   189  0001C0  EC87  F000         	call	_initialisationHardware	;wreg free
   190                           
   191                           ;main.c: 169: PORTAbits.RA3 = 1;
   192  0001C4  8680               	bsf	3968,3,c	;volatile
   193  0001C6                     l77:
   194  0001C6  D7FF               	goto	l77
   195  0001C8                     __end_of_main:
   196                           	opt stack 0
   197                           tblptru	equ	0xFF8
   198                           postinc0	equ	0xFEE
   199                           wreg	equ	0xFE8
   200                           
   201 ;; *************** function _initialisationHardware *****************
   202 ;; Defined at:
   203 ;;		line 40 in file "main.c"
   204 ;; Parameters:    Size  Location     Type
   205 ;;		None
   206 ;; Auto vars:     Size  Location     Type
   207 ;;		None
   208 ;; Return value:  Size  Location     Type
   209 ;;                  1    wreg      void 
   210 ;; Registers used:
   211 ;;		wreg, status,2
   212 ;; Tracked objects:
   213 ;;		On entry : 0/0
   214 ;;		On exit  : 0/0
   215 ;;		Unchanged: 0/0
   216 ;; Data sizes:     COMRAM   BANK0   BANK1   BANK2   BANK3   BANK4   BANK5
   217 ;;      Params:         0       0       0       0       0       0       0
   218 ;;      Locals:         0       0       0       0       0       0       0
   219 ;;      Temps:          0       0       0       0       0       0       0
   220 ;;      Totals:         0       0       0       0       0       0       0
   221 ;;Total ram usage:        0 bytes
   222 ;; Hardware stack levels used:    1
   223 ;; Hardware stack levels required when called:    2
   224 ;; This function calls:
   225 ;;		Nothing
   226 ;; This function is called by:
   227 ;;		_main
   228 ;; This function uses a non-reentrant model
   229 ;;
   230                           
   231                           	psect	text1
   232  00010E                     __ptext1:
   233                           	opt stack 0
   234  00010E                     _initialisationHardware:
   235                           	opt stack 28
   236                           
   237                           ;main.c: 42: OSCCONbits.IRCF = 0b111;
   238                           
   239                           ;incstack = 0
   240  00010E  88D3               	bsf	4051,4,c	;volatile
   241  000110  8AD3               	bsf	4051,5,c	;volatile
   242  000112  8CD3               	bsf	4051,6,c	;volatile
   243                           
   244                           ;main.c: 43: OSCCONbits.SCS = 11;
   245  000114  0E03               	movlw	3
   246  000116  12D3               	iorwf	4051,f,c	;volatile
   247                           
   248                           ;main.c: 46: ANSELA=0;
   249  000118  0E00               	movlw	0
   250  00011A  010F               	movlb	15	; () banked
   251  00011C  6F38               	movwf	56,b	;volatile
   252                           
   253                           ; BSR set to: 15
   254                           ;main.c: 47: TRISAbits.RA4=1;
   255  00011E  8892               	bsf	3986,4,c	;volatile
   256                           
   257                           ; BSR set to: 15
   258                           ;main.c: 48: TRISAbits.RA3=0;
   259  000120  9692               	bcf	3986,3,c	;volatile
   260                           
   261                           ; BSR set to: 15
   262                           ;main.c: 49: TRISAbits.RA5=0;
   263  000122  9A92               	bcf	3986,5,c	;volatile
   264                           
   265                           ; BSR set to: 15
   266                           ;main.c: 52: RCONbits.IPEN = 1;
   267  000124  8ED0               	bsf	4048,7,c	;volatile
   268                           
   269                           ; BSR set to: 15
   270                           ;main.c: 53: INTCONbits.GIEH = 1;
   271  000126  8EF2               	bsf	intcon,7,c	;volatile
   272                           
   273                           ; BSR set to: 15
   274                           ;main.c: 54: INTCONbits.GIEL = 1;
   275  000128  8CF2               	bsf	intcon,6,c	;volatile
   276                           
   277                           ; BSR set to: 15
   278                           ;main.c: 60: PIE1bits.TMR2IE = 1;
   279  00012A  829D               	bsf	3997,1,c	;volatile
   280                           
   281                           ; BSR set to: 15
   282                           ;main.c: 61: IPR1bits.TMR2IP = 1;
   283  00012C  829F               	bsf	3999,1,c	;volatile
   284                           
   285                           ; BSR set to: 15
   286                           ;main.c: 64: T2CON |= 0;
   287  00012E  50BA               	movf	4026,w,c	;volatile
   288                           
   289                           ; BSR set to: 15
   290                           ;main.c: 65: T2CONbits.TMR2ON = 1;
   291  000130  84BA               	bsf	4026,2,c	;volatile
   292                           
   293                           ; BSR set to: 15
   294                           ;main.c: 66: T2CONbits.T2CKPS1 = 0;
   295  000132  92BA               	bcf	4026,1,c	;volatile
   296                           
   297                           ; BSR set to: 15
   298                           ;main.c: 67: T2CONbits.T2CKPS0 = 0;
   299  000134  90BA               	bcf	4026,0,c	;volatile
   300                           
   301                           ; BSR set to: 15
   302                           ;main.c: 68: PR2 = 1;
   303  000136  0E01               	movlw	1
   304  000138  6EBB               	movwf	4027,c	;volatile
   305                           
   306                           ; BSR set to: 15
   307                           ;main.c: 74: CCP5CONbits.CCP5M = 0b101;
   308  00013A  010F               	movlb	15	; () banked
   309  00013C  5154               	movf	84,w,b	;volatile
   310  00013E  0BF0               	andlw	-16
   311  000140  0905               	iorlw	5
   312  000142  6F54               	movwf	84,b	;volatile
   313                           
   314                           ; BSR set to: 15
   315                           ;main.c: 75: CCPTMRS1bits.C5TSEL = 0;
   316  000144  0EF3               	movlw	-13
   317  000146  010F               	movlb	15	; () banked
   318  000148  1748               	andwf	72,f,b	;volatile
   319                           
   320                           ; BSR set to: 15
   321                           ;main.c: 76: PIE4bits.CCP5IE = 1;
   322  00014A  847A               	bsf	3962,2,c	;volatile
   323                           
   324                           ; BSR set to: 15
   325                           ;main.c: 77: IPR4bits.CCP5IP = 0;
   326  00014C  947C               	bcf	3964,2,c	;volatile
   327                           
   328                           ; BSR set to: 15
   329                           ;main.c: 82: PIE1bits.TMR1IE = 1;
   330  00014E  809D               	bsf	3997,0,c	;volatile
   331                           
   332                           ; BSR set to: 15
   333                           ;main.c: 83: IPR1bits.TMR1IP = 1;
   334  000150  809F               	bsf	3999,0,c	;volatile
   335                           
   336                           ; BSR set to: 15
   337                           ;main.c: 85: T1CONbits.TMR1ON = 1;
   338  000152  80CD               	bsf	4045,0,c	;volatile
   339                           
   340                           ; BSR set to: 15
   341                           ;main.c: 86: T1CONbits.T1CKPS = 0b00;
   342  000154  0ECF               	movlw	-49
   343  000156  16CD               	andwf	4045,f,c	;volatile
   344                           
   345                           ; BSR set to: 15
   346                           ;main.c: 87: T1CONbits.TMR1CS = 0;
   347  000158  0E3F               	movlw	-193
   348  00015A  16CD               	andwf	4045,f,c	;volatile
   349                           
   350                           ; BSR set to: 15
   351                           ;main.c: 88: T1CONbits.T1RD16 = 1;
   352  00015C  82CD               	bsf	4045,1,c	;volatile
   353                           
   354                           ; BSR set to: 15
   355  00015E  0012               	return		;funcret
   356  000160                     __end_of_initialisationHardware:
   357                           	opt stack 0
   358                           tblptru	equ	0xFF8
   359                           intcon	equ	0xFF2
   360                           postinc0	equ	0xFEE
   361                           wreg	equ	0xFE8
   362                           
   363 ;; *************** function _interruptions *****************
   364 ;; Defined at:
   365 ;;		line 104 in file "main.c"
   366 ;; Parameters:    Size  Location     Type
   367 ;;		None
   368 ;; Auto vars:     Size  Location     Type
   369 ;;  val             2   18[COMRAM] int 
   370 ;; Return value:  Size  Location     Type
   371 ;;                  1    wreg      void 
   372 ;; Registers used:
   373 ;;		wreg, status,2, status,0, cstack
   374 ;; Tracked objects:
   375 ;;		On entry : 0/0
   376 ;;		On exit  : 0/0
   377 ;;		Unchanged: 0/0
   378 ;; Data sizes:     COMRAM   BANK0   BANK1   BANK2   BANK3   BANK4   BANK5
   379 ;;      Params:         0       0       0       0       0       0       0
   380 ;;      Locals:         2       0       0       0       0       0       0
   381 ;;      Temps:         14       0       0       0       0       0       0
   382 ;;      Totals:        16       0       0       0       0       0       0
   383 ;;Total ram usage:       16 bytes
   384 ;; Hardware stack levels used:    1
   385 ;; Hardware stack levels required when called:    1
   386 ;; This function calls:
   387 ;;		_CompleteCapture
   388 ;; This function is called by:
   389 ;;		Interrupt level 2
   390 ;; This function uses a non-reentrant model
   391 ;;
   392                           
   393                           	psect	intcode
   394  000008                     __pintcode:
   395                           	opt stack 0
   396  000008                     _interruptions:
   397                           	opt stack 28
   398                           
   399                           ; BSR set to: 15
   400                           ;incstack = 0
   401  000008  821E               	bsf	btemp,1,c	;set compiler interrupt flag (level 2)
   402  00000A  CFFA F005          	movff	pclath,??_interruptions
   403  00000E  CFFB F006          	movff	pclatu,??_interruptions+1
   404  000012  CFE9 F007          	movff	fsr0l,??_interruptions+2
   405  000016  CFEA F008          	movff	fsr0h,??_interruptions+3
   406  00001A  CFE1 F009          	movff	fsr1l,??_interruptions+4
   407  00001E  CFE2 F00A          	movff	fsr1h,??_interruptions+5
   408  000022  CFD9 F00B          	movff	fsr2l,??_interruptions+6
   409  000026  CFDA F00C          	movff	fsr2h,??_interruptions+7
   410  00002A  CFF3 F00D          	movff	prodl,??_interruptions+8
   411  00002E  CFF4 F00E          	movff	prodh,??_interruptions+9
   412  000032  CFF6 F00F          	movff	tblptrl,??_interruptions+10
   413  000036  CFF7 F010          	movff	tblptrh,??_interruptions+11
   414  00003A  CFF8 F011          	movff	tblptru,??_interruptions+12
   415  00003E  CFF5 F012          	movff	tablat,??_interruptions+13
   416                           
   417                           ;main.c: 112: if (PIR1bits.TMR2IF) {
   418  000042  B29E               	btfsc	3998,1,c	;volatile
   419  000044  D01D               	goto	i2l806
   420  000046  D024               	goto	i2l58
   421  000048                     i2l60:
   422                           
   423                           ;main.c: 115: PR2 = 255;
   424  000048  68BB               	setf	4027,c	;volatile
   425                           
   426                           ;main.c: 116: PORTAbits.RA5 = 0;
   427  00004A  9A80               	bcf	3968,5,c	;volatile
   428                           
   429                           ;main.c: 117: temp ++;
   430  00004C  4A19               	infsnz	_temp,f,c
   431  00004E  2A1A               	incf	_temp+1,f,c
   432                           
   433                           ;main.c: 118: if (temp < 100){
   434  000050  BE1A               	btfsc	_temp+1,7,c
   435  000052  D006               	goto	i2l796
   436  000054  501A               	movf	_temp+1,w,c
   437  000056  E107               	bnz	i2l798
   438  000058  0E64               	movlw	100
   439  00005A  5C19               	subwf	_temp,w,c
   440  00005C  B0D8               	btfsc	status,0,c
   441  00005E  D003               	goto	i2l798
   442  000060                     i2l796:
   443                           
   444                           ;main.c: 119: temp ++;
   445  000060  4A19               	infsnz	_temp,f,c
   446  000062  2A1A               	incf	_temp+1,f,c
   447                           
   448                           ;main.c: 120: } else {
   449  000064  D014               	goto	i2l63
   450  000066                     i2l798:
   451                           
   452                           ;main.c: 121: trigger = TRIGGER_OFF;
   453  000066  0E01               	movlw	1
   454  000068  6E1D               	movwf	_trigger,c
   455                           
   456                           ;main.c: 122: temp = 0;
   457  00006A  0E00               	movlw	0
   458  00006C  6E1A               	movwf	_temp+1,c
   459  00006E  0E00               	movlw	0
   460  000070  6E19               	movwf	_temp,c
   461                           
   462                           ;main.c: 123: }
   463                           ;main.c: 124: break;
   464  000072  D00D               	goto	i2l63
   465  000074                     i2l800:
   466                           
   467                           ;main.c: 126: PR2 = 3;
   468  000074  0E03               	movlw	3
   469  000076  6EBB               	movwf	4027,c	;volatile
   470                           
   471                           ;main.c: 127: PORTAbits.RA5 = 1;
   472  000078  8A80               	bsf	3968,5,c	;volatile
   473                           
   474                           ;main.c: 128: trigger = TRIGGER_ON;
   475  00007A  0E00               	movlw	0
   476  00007C  6E1D               	movwf	_trigger,c
   477                           
   478                           ;main.c: 130: }
   479                           
   480                           ;main.c: 129: break;
   481  00007E  D007               	goto	i2l63
   482  000080                     i2l806:
   483  000080  501D               	movf	_trigger,w,c
   484                           
   485                           ; Switch size 1, requested type "space"
   486                           ; Number of cases is 2, Range of values is 0 to 1
   487                           ; switch strategies available:
   488                           ; Name         Instructions Cycles
   489                           ; simple_byte            7     4 (average)
   490                           ;	Chosen strategy is simple_byte
   491  000082  0A00               	xorlw	0	; case 0
   492  000084  B4D8               	btfsc	status,2,c
   493  000086  D7E0               	goto	i2l60
   494  000088  0A01               	xorlw	1	; case 1
   495  00008A  B4D8               	btfsc	status,2,c
   496  00008C  D7F3               	goto	i2l800
   497  00008E                     i2l63:
   498                           
   499                           ;main.c: 131: PIR1bits.TMR2IF = 0;
   500  00008E  929E               	bcf	3998,1,c	;volatile
   501  000090                     i2l58:
   502                           
   503                           ;main.c: 132: }
   504                           ;main.c: 134: if (PIR1bits.TMR1IF) {
   505  000090  A09E               	btfss	3998,0,c	;volatile
   506  000092  D004               	goto	i2l810
   507                           
   508                           ;main.c: 135: int val;
   509                           ;main.c: 136: val=0;
   510  000094  0E00               	movlw	0
   511  000096  6E14               	movwf	interruptions@val+1,c
   512  000098  0E00               	movlw	0
   513  00009A  6E13               	movwf	interruptions@val,c
   514  00009C                     i2l810:
   515                           
   516                           ;main.c: 137: }
   517                           ;main.c: 139: if (PIR4bits.CCP5IF) {
   518  00009C  A47B               	btfss	3963,2,c	;volatile
   519  00009E  D017               	goto	i2l69
   520                           
   521                           ;main.c: 140: if (PORTAbits.RA4) {
   522  0000A0  A880               	btfss	3968,4,c	;volatile
   523  0000A2  D009               	goto	i2l818
   524                           
   525                           ;main.c: 141: capture = CCPR1;
   526  0000A4  CFBE F017          	movff	4030,_capture	;volatile
   527  0000A8  CFBF F018          	movff	4031,_capture+1	;volatile
   528                           
   529                           ;main.c: 142: CCP5CONbits.CCP5M = 0b100;
   530  0000AC  010F               	movlb	15	; () banked
   531  0000AE  5154               	movf	84,w,b	;volatile
   532  0000B0  0BF0               	andlw	-16
   533  0000B2  0904               	iorlw	4
   534  0000B4  D00A               	goto	L1
   535  0000B6                     i2l818:
   536                           
   537                           ;main.c: 144: CompleteCapture(CCPR5);
   538  0000B6  CF55 F001          	movff	3925,CompleteCapture@instant	;volatile
   539  0000BA  CF56 F002          	movff	3926,CompleteCapture@instant+1	;volatile
   540  0000BE  ECB0  F000         	call	_CompleteCapture	;wreg free
   541                           
   542                           ;main.c: 145: CCP5CONbits.CCP5M = 0b101;
   543  0000C2  010F               	movlb	15	; () banked
   544  0000C4  5154               	movf	84,w,b	;volatile
   545  0000C6  0BF0               	andlw	-16
   546  0000C8  0905               	iorlw	5
   547  0000CA                     L1:
   548  0000CA  6F54               	movwf	84,b	;volatile
   549                           
   550                           ; BSR set to: 15
   551                           ;main.c: 146: }
   552                           ;main.c: 147: PIR4bits.CCP5IF = 0;
   553                           
   554                           ; BSR set to: 15
   555  0000CC  947B               	bcf	3963,2,c	;volatile
   556  0000CE                     i2l69:
   557  0000CE  C012  FFF5         	movff	??_interruptions+13,tablat
   558  0000D2  C011  FFF8         	movff	??_interruptions+12,tblptru
   559  0000D6  C010  FFF7         	movff	??_interruptions+11,tblptrh
   560  0000DA  C00F  FFF6         	movff	??_interruptions+10,tblptrl
   561  0000DE  C00E  FFF4         	movff	??_interruptions+9,prodh
   562  0000E2  C00D  FFF3         	movff	??_interruptions+8,prodl
   563  0000E6  C00C  FFDA         	movff	??_interruptions+7,fsr2h
   564  0000EA  C00B  FFD9         	movff	??_interruptions+6,fsr2l
   565  0000EE  C00A  FFE2         	movff	??_interruptions+5,fsr1h
   566  0000F2  C009  FFE1         	movff	??_interruptions+4,fsr1l
   567  0000F6  C008  FFEA         	movff	??_interruptions+3,fsr0h
   568  0000FA  C007  FFE9         	movff	??_interruptions+2,fsr0l
   569  0000FE  C006  FFFB         	movff	??_interruptions+1,pclatu
   570  000102  C005  FFFA         	movff	??_interruptions,pclath
   571  000106  921E               	bcf	btemp,1,c	;clear compiler interrupt flag (level 2)
   572  000108  0011               	retfie		f
   573  00010A                     __end_of_interruptions:
   574                           	opt stack 0
   575                           pclatu	equ	0xFFB
   576                           pclath	equ	0xFFA
   577                           tblptru	equ	0xFF8
   578                           tblptrh	equ	0xFF7
   579                           tblptrl	equ	0xFF6
   580                           tablat	equ	0xFF5
   581                           prodh	equ	0xFF4
   582                           prodl	equ	0xFF3
   583                           intcon	equ	0xFF2
   584                           postinc0	equ	0xFEE
   585                           fsr0h	equ	0xFEA
   586                           fsr0l	equ	0xFE9
   587                           wreg	equ	0xFE8
   588                           fsr1h	equ	0xFE2
   589                           fsr1l	equ	0xFE1
   590                           fsr2h	equ	0xFDA
   591                           fsr2l	equ	0xFD9
   592                           status	equ	0xFD8
   593                           
   594 ;; *************** function _CompleteCapture *****************
   595 ;; Defined at:
   596 ;;		line 156 in file "main.c"
   597 ;; Parameters:    Size  Location     Type
   598 ;;  instant         2    0[COMRAM] unsigned int 
   599 ;; Auto vars:     Size  Location     Type
   600 ;;		None
   601 ;; Return value:  Size  Location     Type
   602 ;;                  1    wreg      void 
   603 ;; Registers used:
   604 ;;		wreg, status,2, status,0
   605 ;; Tracked objects:
   606 ;;		On entry : 0/0
   607 ;;		On exit  : 0/0
   608 ;;		Unchanged: 0/0
   609 ;; Data sizes:     COMRAM   BANK0   BANK1   BANK2   BANK3   BANK4   BANK5
   610 ;;      Params:         2       0       0       0       0       0       0
   611 ;;      Locals:         0       0       0       0       0       0       0
   612 ;;      Temps:          2       0       0       0       0       0       0
   613 ;;      Totals:         4       0       0       0       0       0       0
   614 ;;Total ram usage:        4 bytes
   615 ;; Hardware stack levels used:    1
   616 ;; This function calls:
   617 ;;		Nothing
   618 ;; This function is called by:
   619 ;;		_interruptions
   620 ;; This function uses a non-reentrant model
   621 ;;
   622                           
   623                           	psect	text3
   624  000160                     __ptext3:
   625                           	opt stack 0
   626  000160                     _CompleteCapture:
   627                           	opt stack 28
   628                           
   629                           ;main.c: 157: if (instant >= capture){
   630                           
   631                           ;incstack = 0
   632  000160  5017               	movf	_capture,w,c
   633  000162  5C01               	subwf	CompleteCapture@instant,w,c
   634  000164  5018               	movf	_capture+1,w,c
   635  000166  5802               	subwfb	CompleteCapture@instant+1,w,c
   636  000168  A0D8               	btfss	status,0,c
   637  00016A  D00E               	goto	i2l782
   638                           
   639                           ;main.c: 158: capture = (instant - capture);
   640  00016C  C017  F003         	movff	_capture,??_CompleteCapture
   641  000170  C018  F004         	movff	_capture+1,??_CompleteCapture+1
   642  000174  1E03               	comf	??_CompleteCapture,f,c
   643  000176  1E04               	comf	??_CompleteCapture+1,f,c
   644  000178  4A03               	infsnz	??_CompleteCapture,f,c
   645  00017A  2A04               	incf	??_CompleteCapture+1,f,c
   646  00017C  5001               	movf	CompleteCapture@instant,w,c
   647  00017E  2403               	addwf	??_CompleteCapture,w,c
   648  000180  6E17               	movwf	_capture,c
   649  000182  5002               	movf	CompleteCapture@instant+1,w,c
   650  000184  2004               	addwfc	??_CompleteCapture+1,w,c
   651  000186  D009               	goto	L2
   652  000188                     i2l782:
   653                           
   654                           ;main.c: 160: capture = (65536 - capture);
   655  000188  6C17               	negf	_capture,c
   656  00018A  1E18               	comf	_capture+1,f,c
   657  00018C  B0D8               	btfsc	status,0,c
   658  00018E  2A18               	incf	_capture+1,f,c
   659                           
   660                           ;main.c: 161: capture = (instant + capture);
   661  000190  5017               	movf	_capture,w,c
   662  000192  2401               	addwf	CompleteCapture@instant,w,c
   663  000194  6E17               	movwf	_capture,c
   664  000196  5018               	movf	_capture+1,w,c
   665  000198  2002               	addwfc	CompleteCapture@instant+1,w,c
   666  00019A                     L2:
   667  00019A  6E18               	movwf	_capture+1,c
   668                           
   669                           ;main.c: 162: }
   670                           ;main.c: 163: distance = capture;
   671  00019C  C017  F015         	movff	_capture,_distance
   672  0001A0  C018  F016         	movff	_capture+1,_distance+1
   673  0001A4  0012               	return		;funcret
   674  0001A6                     __end_of_CompleteCapture:
   675                           	opt stack 0
   676  0000                     pclatu	equ	0xFFB
   677                           pclath	equ	0xFFA
   678                           tblptru	equ	0xFF8
   679                           tblptrh	equ	0xFF7
   680                           tblptrl	equ	0xFF6
   681                           tablat	equ	0xFF5
   682                           prodh	equ	0xFF4
   683                           prodl	equ	0xFF3
   684                           intcon	equ	0xFF2
   685                           postinc0	equ	0xFEE
   686                           fsr0h	equ	0xFEA
   687                           fsr0l	equ	0xFE9
   688                           wreg	equ	0xFE8
   689                           fsr1h	equ	0xFE2
   690                           fsr1l	equ	0xFE1
   691                           fsr2h	equ	0xFDA
   692                           fsr2l	equ	0xFD9
   693                           status	equ	0xFD8
   694                           pclatu	equ	0xFFB
   695                           pclath	equ	0xFFA
   696                           tblptru	equ	0xFF8
   697                           tblptrh	equ	0xFF7
   698                           tblptrl	equ	0xFF6
   699                           tablat	equ	0xFF5
   700                           prodh	equ	0xFF4
   701                           prodl	equ	0xFF3
   702                           intcon	equ	0xFF2
   703                           postinc0	equ	0xFEE
   704                           fsr0h	equ	0xFEA
   705                           fsr0l	equ	0xFE9
   706                           wreg	equ	0xFE8
   707                           fsr1h	equ	0xFE2
   708                           fsr1l	equ	0xFE1
   709                           fsr2h	equ	0xFDA
   710                           fsr2l	equ	0xFD9
   711                           status	equ	0xFD8
   712                           
   713                           	psect	rparam
   714  0000                     pclatu	equ	0xFFB
   715                           pclath	equ	0xFFA
   716                           tblptru	equ	0xFF8
   717                           tblptrh	equ	0xFF7
   718                           tblptrl	equ	0xFF6
   719                           tablat	equ	0xFF5
   720                           prodh	equ	0xFF4
   721                           prodl	equ	0xFF3
   722                           intcon	equ	0xFF2
   723                           postinc0	equ	0xFEE
   724                           fsr0h	equ	0xFEA
   725                           fsr0l	equ	0xFE9
   726                           wreg	equ	0xFE8
   727                           fsr1h	equ	0xFE2
   728                           fsr1l	equ	0xFE1
   729                           fsr2h	equ	0xFDA
   730                           fsr2l	equ	0xFD9
   731                           status	equ	0xFD8
   732                           
   733                           	psect	temp
   734  00001E                     btemp:
   735                           	opt stack 0
   736  00001E                     	ds	1
   737  0000                     int$flags	set	btemp
   738                           pclatu	equ	0xFFB
   739                           pclath	equ	0xFFA
   740                           tblptru	equ	0xFF8
   741                           tblptrh	equ	0xFF7
   742                           tblptrl	equ	0xFF6
   743                           tablat	equ	0xFF5
   744                           prodh	equ	0xFF4
   745                           prodl	equ	0xFF3
   746                           intcon	equ	0xFF2
   747                           postinc0	equ	0xFEE
   748                           fsr0h	equ	0xFEA
   749                           fsr0l	equ	0xFE9
   750                           wreg	equ	0xFE8
   751                           fsr1h	equ	0xFE2
   752                           fsr1l	equ	0xFE1
   753                           fsr2h	equ	0xFDA
   754                           fsr2l	equ	0xFD9
   755                           status	equ	0xFD8


Data Sizes:
    Strings     0
    Constant    0
    Data        0
    BSS         9
    Persistent  0
    Stack       0

Auto Spaces:
    Space          Size  Autos    Used
    COMRAM           94     20      29
    BANK0           160      0       0
    BANK1           256      0       0
    BANK2           256      0       0
    BANK3           256      0       0
    BANK4           256      0       0
    BANK5           256      0       0

Pointer List with Targets:

    None.

Critical Paths under _main in COMRAM

    None.

Critical Paths under _interruptions in COMRAM

    _interruptions->_CompleteCapture

Critical Paths under _main in BANK0

    None.

Critical Paths under _interruptions in BANK0

    None.

Critical Paths under _main in BANK1

    None.

Critical Paths under _interruptions in BANK1

    None.

Critical Paths under _main in BANK2

    None.

Critical Paths under _interruptions in BANK2

    None.

Critical Paths under _main in BANK3

    None.

Critical Paths under _interruptions in BANK3

    None.

Critical Paths under _main in BANK4

    None.

Critical Paths under _interruptions in BANK4

    None.

Critical Paths under _main in BANK5

    None.

Critical Paths under _interruptions in BANK5

    None.

Call Graph Tables:

 ---------------------------------------------------------------------------------
 (Depth) Function   	        Calls       Base Space   Used Autos Params    Refs
 ---------------------------------------------------------------------------------
 (0) _main                                                 0     0      0       0
             _initialisationHardware
 ---------------------------------------------------------------------------------
 (1) _initialisationHardware                               0     0      0       0
 ---------------------------------------------------------------------------------
 Estimated maximum stack depth 1
 ---------------------------------------------------------------------------------
 (Depth) Function   	        Calls       Base Space   Used Autos Params    Refs
 ---------------------------------------------------------------------------------
 (2) _interruptions                                       16    16      0     110
                                              4 COMRAM    16    16      0
                    _CompleteCapture
 ---------------------------------------------------------------------------------
 (3) _CompleteCapture                                      4     2      2     109
                                              0 COMRAM     4     2      2
 ---------------------------------------------------------------------------------
 Estimated maximum stack depth 3
 ---------------------------------------------------------------------------------

 Call Graph Graphs:

 _main (ROOT)
   _initialisationHardware

 _interruptions (ROOT)
   _CompleteCapture

 Address spaces:
Name               Size   Autos  Total    Cost      Usage
BIGRAM             5FF      0       0      17        0.0%
EEDATA             100      0       0       0        0.0%
BITBANK5           100      0       0      15        0.0%
BANK5              100      0       0      16        0.0%
BITBANK4           100      0       0      13        0.0%
BANK4              100      0       0      14        0.0%
BITBANK3           100      0       0      11        0.0%
BANK3              100      0       0      12        0.0%
BITBANK2           100      0       0       9        0.0%
BANK2              100      0       0      10        0.0%
BITBANK1           100      0       0       7        0.0%
BANK1              100      0       0       8        0.0%
BITBANK0            A0      0       0       5        0.0%
BANK0               A0      0       0       6        0.0%
BITCOMRAM           5E      0       0       0        0.0%
COMRAM              5E     14      1D       1       30.9%
BITSFR_1             0      0       0     200        0.0%
SFR_1                0      0       0     200        0.0%
BITSFR               0      0       0     200        0.0%
SFR                  0      0       0     200        0.0%
STACK                0      0       0       2        0.0%
NULL                 0      0       0       0        0.0%
ABS                  0      0      1D       3        0.0%
DATA                 0      0      1D       4        0.0%
CODE                 0      0       0       0        0.0%


Microchip Technology PIC18 Macro Assembler V1.41 build -162212810 
Symbol Table                                                                                   Mon Jun 12 19:08:20 2017

                             l77 01C6            __end_of_interruptions 010A  
                            _PR2 000FBB                              wreg 000FE8  
                   __CFG_LVP$OFF 000000                             i2l60 0048  
                           i2l63 008E                             i2l58 0090  
                           i2l69 00CE                             _main 01C0  
                           _temp 0019                             fsr0h 000FEA  
                           fsr1h 000FE2                             fsr2h 000FDA  
                           fsr0l 000FE9                             fsr1l 000FE1  
                           fsr2l 000FD9                             btemp 001E  
                           prodh 000FF4                             prodl 000FF3  
                           start 010A                    __CFG_IESO$OFF 000000  
                   ___param_bank 000000                            ?_main 0001  
                          _CCPR1 000FBE                            _CCPR5 000F55  
                          _T2CON 000FBA                            i2l800 0074  
                          i2l810 009C                            i2l806 0080  
                          i2l818 00B6                            i2l782 0188  
                          i2l796 0060                            i2l798 0066  
                 __CFG_FCMEN$OFF 000000               __CFG_MCLRE$EXTMCLR 000000  
                          _pulse 001B                            pclath 000FFA  
                          tablat 000FF5                            status 000FD8  
                __initialization 01A6                ??_CompleteCapture 0003  
                   __end_of_main 01C8                           ??_main 0015  
                  __activetblptr 000002                           _ANSELA 000F38  
                 __CFG_WDTEN$OFF 000000                     _CCPTMRS1bits 000F48  
                         clear_0 01AC                           tblptrh 000FF7  
                         tblptrl 000FF6                           tblptru 000FF8  
                     __accesstop 0060          __end_of__initialization 01B2  
                  ___rparam_used 000001                   __pcstackCOMRAM 0001  
       ??_initialisationHardware 0015                  _CompleteCapture 0160  
         __size_of_interruptions 0102                          __Hparam 0000  
                        __Lparam 0000                          __pcinit 01A6  
                        __ramtop 0600                          _capture 0017  
                        __ptext0 01C0                          __ptext1 010E  
                        __ptext3 0160                        _T1CONbits 000FCD  
                      _T2CONbits 000FBA           CompleteCapture@instant 0001  
                        _trigger 001D             end_of_initialization 01B2  
                  __Lmediumconst 0000  __size_of_initialisationHardware 0052  
                        postinc0 000FEE                    _interruptions 0008  
                      _PORTAbits 000F80          __end_of_CompleteCapture 01A6  
                      _TRISAbits 000F92                      _CCP5CONbits 000F54  
                 ?_interruptions 0001           _initialisationHardware 010E  
            start_initialization 01A6                      __pbssCOMRAM 0015  
               ?_CompleteCapture 0001                        __pintcode 0008  
                ??_interruptions 0005                         _IPR1bits 000F9F  
                       _PIE1bits 000F9D                         _IPR4bits 000F7C  
                       _PIE4bits 000F7A                         _PIR1bits 000F9E  
                       _PIR4bits 000F7B                         _RCONbits 000FD0  
                       __Hrparam 0000                         __Lrparam 0000  
        ?_initialisationHardware 0001                         _distance 0015  
                  __size_of_main 0008   __end_of_initialisationHardware 0160  
                       int$flags 001E                 interruptions@val 0013  
                     _INTCONbits 000FF2                         intlevel2 0000  
                     _OSCCONbits 000FD3         __size_of_CompleteCapture 0046  
              __CFG_FOSC$INTIO67 000000  
