

Microchip Technology PIC18 LITE Macro Assembler V1.41 build -162212810 
                                                                                               Sun Jun 04 13:37:32 2017

Microchip Technology Omniscient Code Generator v1.41 (Free mode) build 201701250102
     1                           	processor	18F25K22
     2                           	fnconf	rparam,??,?,0
     3                           	opt	pw 120
     4                           	opt	lm
     5                           	psect	cinit,global,reloc=2,class=CODE,delta=1
     6                           	psect	bssCOMRAM,global,class=COMRAM,space=1,delta=1,noexec
     7                           	psect	cstackCOMRAM,global,class=COMRAM,space=1,delta=1,noexec
     8                           	psect	text0,global,reloc=2,class=CODE,delta=1
     9                           	psect	text1,global,reloc=2,class=CODE,delta=1
    10                           	psect	intcode,global,reloc=2,class=CODE,delta=1
    11                           	psect	text3,global,reloc=2,class=CODE,delta=1
    12                           	psect	intsave_regs,global,class=BIGRAM,space=1,delta=1,noexec
    13                           	psect	rparam,global,class=COMRAM,space=1,delta=1,noexec
    14                           	psect	temp,global,ovrld,common,class=COMRAM,space=1,delta=1
    15  0000                     
    16                           ; Version 1.41
    17                           ; Generated 25/01/2017 GMT
    18                           ; 
    19                           ; Copyright © 2017, Microchip Technology Inc. and its subsidiaries ("Microchip")
    20                           ; All rights reserved.
    21                           ; 
    22                           ; This software is developed by Microchip Technology Inc. and its subsidiaries ("Microch
      +                          ip").
    23                           ; 
    24                           ; Redistribution and use in source and binary forms, with or without modification, are
    25                           ; permitted provided that the following conditions are met:
    26                           ; 
    27                           ;     1. Redistributions of source code must retain the above copyright notice, this lis
      +                          t of
    28                           ;        conditions and the following disclaimer.
    29                           ; 
    30                           ;     2. Redistributions in binary form must reproduce the above copyright notice, this 
      +                          list
    31                           ;        of conditions and the following disclaimer in the documentation and/or other
    32                           ;        materials provided with the distribution.
    33                           ; 
    34                           ;     3. Microchip's name may not be used to endorse or promote products derived from th
      +                          is
    35                           ;        software without specific prior written permission.
    36                           ; 
    37                           ; THIS SOFTWARE IS PROVIDED BY MICROCHIP "AS IS" AND ANY EXPRESS OR IMPLIED WARRANTIES,
    38                           ; INCLUDING, BUT NOT LIMITED TO, THE IMPLIED WARRANTIES OF MERCHANTABILITY AND FITNESS F
      +                          OR
    39                           ; PURPOSE ARE DISCLAIMED.  IN NO EVENT SHALL MICROCHIP BE LIABLE FOR ANY DIRECT, INDIREC
      +                          T,
    40                           ; INCIDENTAL, SPECIAL, EXEMPLARY, OR CONSEQUENTIAL DAMAGES (INCLUDING BUT NOT LIMITED TO
    41                           ; PROCUREMENT OF SUBSTITUTE GOODS OR SERVICES; LOSS OF USE, DATA OR PROFITS; OR BUSINESS
    42                           ; INTERRUPTION) HOWSOEVER CAUSED AND ON ANY THEORY OF LIABILITY, WHETHER IN CONTRACT, ST
      +                          RICT
    43                           ; LIABILITY, OR TORT (INCLUDING NEGLIGENCE OR OTHERWISE) ARISING IN ANY WAY OUT OF THE U
      +                          SE OF
    44                           ; THIS SOFTWARE, EVEN IF ADVISED OF THE POSSIBILITY OF SUCH DAMAGE.
    45                           ; 
    46                           ; 
    47                           ; Code-generator required, PIC18F25K22 Definitions
    48                           ; 
    49                           ; SFR Addresses
    50  0000                     _CCPR5	set	3925
    51  0000                     _CCPTMRS1bits	set	3912
    52  0000                     _CCP5CONbits	set	3924
    53  0000                     _ANSELA	set	3896
    54  0000                     _CCPR1	set	4030
    55  0000                     _PIR4bits	set	3963
    56  0000                     _PORTAbits	set	3968
    57  0000                     _PIR1bits	set	3998
    58  0000                     _T1CONbits	set	4045
    59  0000                     _IPR4bits	set	3964
    60  0000                     _PIE4bits	set	3962
    61  0000                     _PR2	set	4027
    62  0000                     _T2CONbits	set	4026
    63  0000                     _T2CON	set	4026
    64  0000                     _IPR1bits	set	3999
    65  0000                     _PIE1bits	set	3997
    66  0000                     _INTCONbits	set	4082
    67  0000                     _RCONbits	set	4048
    68  0000                     _TRISAbits	set	3986
    69                           
    70                           ; #config settings
    71  0000                     
    72                           	psect	cinit
    73  00019C                     __pcinit:
    74                           	opt stack 0
    75  00019C                     start_initialization:
    76                           	opt stack 0
    77  00019C                     __initialization:
    78                           	opt stack 0
    79                           
    80                           ; Clear objects allocated to COMRAM (9 bytes)
    81  00019C  EE00  F015         	lfsr	0,__pbssCOMRAM
    82  0001A0  0E09               	movlw	9
    83  0001A2                     clear_0:
    84  0001A2  6AEE               	clrf	postinc0,c
    85  0001A4  06E8               	decf	wreg,f,c
    86  0001A6  E1FD               	bnz	clear_0
    87  0001A8                     end_of_initialization:
    88                           	opt stack 0
    89  0001A8                     __end_of__initialization:
    90                           	opt stack 0
    91  0001A8  901E               	bcf	int$flags,0,c	;clear compiler interrupt flag (level 1)
    92  0001AA  921E               	bcf	int$flags,1,c	;clear compiler interrupt flag (level 2)
    93  0001AC  0E00               	movlw	low (__Lmediumconst shr (0+16))
    94  0001AE  6EF8               	movwf	tblptru,c
    95  0001B0  0100               	movlb	0
    96  0001B2  EFDB  F000         	goto	_main	;jump to C main() function
    97                           tblptru	equ	0xFF8
    98                           postinc0	equ	0xFEE
    99                           wreg	equ	0xFE8
   100                           
   101                           	psect	bssCOMRAM
   102  000015                     __pbssCOMRAM:
   103                           	opt stack 0
   104  000015                     _distance:
   105                           	opt stack 0
   106  000015                     	ds	2
   107  000017                     _capture:
   108                           	opt stack 0
   109  000017                     	ds	2
   110  000019                     _temp:
   111                           	opt stack 0
   112  000019                     	ds	2
   113  00001B                     	ds	2
   114  00001D                     _trigger:
   115                           	opt stack 0
   116  00001D                     	ds	1
   117                           tblptru	equ	0xFF8
   118                           postinc0	equ	0xFEE
   119                           wreg	equ	0xFE8
   120                           
   121                           	psect	cstackCOMRAM
   122  000001                     __pcstackCOMRAM:
   123                           	opt stack 0
   124  000001                     CompleteCapture@instant:
   125                           	opt stack 0
   126                           
   127                           ; 2 bytes @ 0x0
   128  000001                     	ds	2
   129  000003                     ??_CompleteCapture:
   130                           
   131                           ; 1 bytes @ 0x2
   132  000003                     	ds	2
   133  000005                     ??_interruptions:
   134                           
   135                           ; 1 bytes @ 0x4
   136  000005                     	ds	14
   137  000013                     interruptions@val:
   138                           	opt stack 0
   139                           
   140                           ; 2 bytes @ 0x12
   141  000013                     	ds	2
   142  000015                     tblptru	equ	0xFF8
   143                           postinc0	equ	0xFEE
   144                           wreg	equ	0xFE8
   145                           
   146                           ; 1 bytes @ 0x14
   147 ;;
   148 ;;Main: autosize = 0, tempsize = 0, incstack = 0, save=0
   149 ;;
   150 ;; *************** function _main *****************
   151 ;; Defined at:
   152 ;;		line 166 in file "main.c"
   153 ;; Parameters:    Size  Location     Type
   154 ;;		None
   155 ;; Auto vars:     Size  Location     Type
   156 ;;		None
   157 ;; Return value:  Size  Location     Type
   158 ;;                  1    wreg      void 
   159 ;; Registers used:
   160 ;;		wreg, status,2, cstack
   161 ;; Tracked objects:
   162 ;;		On entry : 0/0
   163 ;;		On exit  : 0/0
   164 ;;		Unchanged: 0/0
   165 ;; Data sizes:     COMRAM   BANK0   BANK1   BANK2   BANK3   BANK4   BANK5
   166 ;;      Params:         0       0       0       0       0       0       0
   167 ;;      Locals:         0       0       0       0       0       0       0
   168 ;;      Temps:          0       0       0       0       0       0       0
   169 ;;      Totals:         0       0       0       0       0       0       0
   170 ;;Total ram usage:        0 bytes
   171 ;; Hardware stack levels required when called:    3
   172 ;; This function calls:
   173 ;;		_initialisationHardware
   174 ;; This function is called by:
   175 ;;		Startup code after reset
   176 ;; This function uses a non-reentrant model
   177 ;;
   178                           
   179                           	psect	text0
   180  0001B6                     __ptext0:
   181                           	opt stack 0
   182  0001B6                     _main:
   183                           	opt stack 28
   184                           
   185                           ;main.c: 168: initialisationHardware();
   186                           
   187                           ;incstack = 0
   188  0001B6  EC87  F000         	call	_initialisationHardware	;wreg free
   189                           
   190                           ;main.c: 169: PORTAbits.RA3 = 1;
   191  0001BA  8680               	bsf	3968,3,c	;volatile
   192  0001BC                     l75:
   193  0001BC  D7FF               	goto	l75
   194  0001BE                     __end_of_main:
   195                           	opt stack 0
   196                           tblptru	equ	0xFF8
   197                           postinc0	equ	0xFEE
   198                           wreg	equ	0xFE8
   199                           
   200 ;; *************** function _initialisationHardware *****************
   201 ;; Defined at:
   202 ;;		line 40 in file "main.c"
   203 ;; Parameters:    Size  Location     Type
   204 ;;		None
   205 ;; Auto vars:     Size  Location     Type
   206 ;;		None
   207 ;; Return value:  Size  Location     Type
   208 ;;                  1    wreg      void 
   209 ;; Registers used:
   210 ;;		wreg, status,2
   211 ;; Tracked objects:
   212 ;;		On entry : 0/0
   213 ;;		On exit  : 0/0
   214 ;;		Unchanged: 0/0
   215 ;; Data sizes:     COMRAM   BANK0   BANK1   BANK2   BANK3   BANK4   BANK5
   216 ;;      Params:         0       0       0       0       0       0       0
   217 ;;      Locals:         0       0       0       0       0       0       0
   218 ;;      Temps:          0       0       0       0       0       0       0
   219 ;;      Totals:         0       0       0       0       0       0       0
   220 ;;Total ram usage:        0 bytes
   221 ;; Hardware stack levels used:    1
   222 ;; Hardware stack levels required when called:    2
   223 ;; This function calls:
   224 ;;		Nothing
   225 ;; This function is called by:
   226 ;;		_main
   227 ;; This function uses a non-reentrant model
   228 ;;
   229                           
   230                           	psect	text1
   231  00010E                     __ptext1:
   232                           	opt stack 0
   233  00010E                     _initialisationHardware:
   234                           	opt stack 28
   235                           
   236                           ;main.c: 46: ANSELA=0;
   237                           
   238                           ;incstack = 0
   239  00010E  0E00               	movlw	0
   240  000110  010F               	movlb	15	; () banked
   241  000112  6F38               	movwf	56,b	;volatile
   242                           
   243                           ; BSR set to: 15
   244                           ;main.c: 47: TRISAbits.RA4=1;
   245  000114  8892               	bsf	3986,4,c	;volatile
   246                           
   247                           ; BSR set to: 15
   248                           ;main.c: 48: TRISAbits.RA3=0;
   249  000116  9692               	bcf	3986,3,c	;volatile
   250                           
   251                           ; BSR set to: 15
   252                           ;main.c: 49: TRISAbits.RA5=0;
   253  000118  9A92               	bcf	3986,5,c	;volatile
   254                           
   255                           ; BSR set to: 15
   256                           ;main.c: 52: RCONbits.IPEN = 1;
   257  00011A  8ED0               	bsf	4048,7,c	;volatile
   258                           
   259                           ; BSR set to: 15
   260                           ;main.c: 53: INTCONbits.GIEH = 1;
   261  00011C  8EF2               	bsf	intcon,7,c	;volatile
   262                           
   263                           ; BSR set to: 15
   264                           ;main.c: 54: INTCONbits.GIEL = 1;
   265  00011E  8CF2               	bsf	intcon,6,c	;volatile
   266                           
   267                           ; BSR set to: 15
   268                           ;main.c: 60: PIE1bits.TMR2IE = 1;
   269  000120  829D               	bsf	3997,1,c	;volatile
   270                           
   271                           ; BSR set to: 15
   272                           ;main.c: 61: IPR1bits.TMR2IP = 1;
   273  000122  829F               	bsf	3999,1,c	;volatile
   274                           
   275                           ; BSR set to: 15
   276                           ;main.c: 64: T2CON |= 0;
   277  000124  50BA               	movf	4026,w,c	;volatile
   278                           
   279                           ; BSR set to: 15
   280                           ;main.c: 65: T2CONbits.TMR2ON = 1;
   281  000126  84BA               	bsf	4026,2,c	;volatile
   282                           
   283                           ; BSR set to: 15
   284                           ;main.c: 66: T2CONbits.T2CKPS1 = 0;
   285  000128  92BA               	bcf	4026,1,c	;volatile
   286                           
   287                           ; BSR set to: 15
   288                           ;main.c: 67: T2CONbits.T2CKPS0 = 0;
   289  00012A  90BA               	bcf	4026,0,c	;volatile
   290                           
   291                           ; BSR set to: 15
   292                           ;main.c: 68: PR2 = 1;
   293  00012C  0E01               	movlw	1
   294  00012E  6EBB               	movwf	4027,c	;volatile
   295                           
   296                           ; BSR set to: 15
   297                           ;main.c: 74: CCP5CONbits.CCP5M = 0b101;
   298  000130  010F               	movlb	15	; () banked
   299  000132  5154               	movf	84,w,b	;volatile
   300  000134  0BF0               	andlw	-16
   301  000136  0905               	iorlw	5
   302  000138  6F54               	movwf	84,b	;volatile
   303                           
   304                           ; BSR set to: 15
   305                           ;main.c: 75: CCPTMRS1bits.C5TSEL = 0;
   306  00013A  0EF3               	movlw	-13
   307  00013C  010F               	movlb	15	; () banked
   308  00013E  1748               	andwf	72,f,b	;volatile
   309                           
   310                           ; BSR set to: 15
   311                           ;main.c: 76: PIE4bits.CCP5IE = 1;
   312  000140  847A               	bsf	3962,2,c	;volatile
   313                           
   314                           ; BSR set to: 15
   315                           ;main.c: 77: IPR4bits.CCP5IP = 0;
   316  000142  947C               	bcf	3964,2,c	;volatile
   317                           
   318                           ; BSR set to: 15
   319                           ;main.c: 82: PIE1bits.TMR1IE = 1;
   320  000144  809D               	bsf	3997,0,c	;volatile
   321                           
   322                           ; BSR set to: 15
   323                           ;main.c: 83: IPR1bits.TMR1IP = 1;
   324  000146  809F               	bsf	3999,0,c	;volatile
   325                           
   326                           ; BSR set to: 15
   327                           ;main.c: 85: T1CONbits.TMR1ON = 1;
   328  000148  80CD               	bsf	4045,0,c	;volatile
   329                           
   330                           ; BSR set to: 15
   331                           ;main.c: 86: T1CONbits.T1CKPS = 0b00;
   332  00014A  0ECF               	movlw	-49
   333  00014C  16CD               	andwf	4045,f,c	;volatile
   334                           
   335                           ; BSR set to: 15
   336                           ;main.c: 87: T1CONbits.TMR1CS = 0;
   337  00014E  0E3F               	movlw	-193
   338  000150  16CD               	andwf	4045,f,c	;volatile
   339                           
   340                           ; BSR set to: 15
   341                           ;main.c: 88: T1CONbits.T1RD16 = 1;
   342  000152  82CD               	bsf	4045,1,c	;volatile
   343                           
   344                           ; BSR set to: 15
   345  000154  0012               	return		;funcret
   346  000156                     __end_of_initialisationHardware:
   347                           	opt stack 0
   348                           tblptru	equ	0xFF8
   349                           intcon	equ	0xFF2
   350                           postinc0	equ	0xFEE
   351                           wreg	equ	0xFE8
   352                           
   353 ;; *************** function _interruptions *****************
   354 ;; Defined at:
   355 ;;		line 104 in file "main.c"
   356 ;; Parameters:    Size  Location     Type
   357 ;;		None
   358 ;; Auto vars:     Size  Location     Type
   359 ;;  val             2   18[COMRAM] int 
   360 ;; Return value:  Size  Location     Type
   361 ;;                  1    wreg      void 
   362 ;; Registers used:
   363 ;;		wreg, status,2, status,0, cstack
   364 ;; Tracked objects:
   365 ;;		On entry : 0/0
   366 ;;		On exit  : 0/0
   367 ;;		Unchanged: 0/0
   368 ;; Data sizes:     COMRAM   BANK0   BANK1   BANK2   BANK3   BANK4   BANK5
   369 ;;      Params:         0       0       0       0       0       0       0
   370 ;;      Locals:         2       0       0       0       0       0       0
   371 ;;      Temps:         14       0       0       0       0       0       0
   372 ;;      Totals:        16       0       0       0       0       0       0
   373 ;;Total ram usage:       16 bytes
   374 ;; Hardware stack levels used:    1
   375 ;; Hardware stack levels required when called:    1
   376 ;; This function calls:
   377 ;;		_CompleteCapture
   378 ;; This function is called by:
   379 ;;		Interrupt level 2
   380 ;; This function uses a non-reentrant model
   381 ;;
   382                           
   383                           	psect	intcode
   384  000008                     __pintcode:
   385                           	opt stack 0
   386  000008                     _interruptions:
   387                           	opt stack 28
   388                           
   389                           ; BSR set to: 15
   390                           ;incstack = 0
   391  000008  821E               	bsf	btemp,1,c	;set compiler interrupt flag (level 2)
   392  00000A  CFFA F005          	movff	pclath,??_interruptions
   393  00000E  CFFB F006          	movff	pclatu,??_interruptions+1
   394  000012  CFE9 F007          	movff	fsr0l,??_interruptions+2
   395  000016  CFEA F008          	movff	fsr0h,??_interruptions+3
   396  00001A  CFE1 F009          	movff	fsr1l,??_interruptions+4
   397  00001E  CFE2 F00A          	movff	fsr1h,??_interruptions+5
   398  000022  CFD9 F00B          	movff	fsr2l,??_interruptions+6
   399  000026  CFDA F00C          	movff	fsr2h,??_interruptions+7
   400  00002A  CFF3 F00D          	movff	prodl,??_interruptions+8
   401  00002E  CFF4 F00E          	movff	prodh,??_interruptions+9
   402  000032  CFF6 F00F          	movff	tblptrl,??_interruptions+10
   403  000036  CFF7 F010          	movff	tblptrh,??_interruptions+11
   404  00003A  CFF8 F011          	movff	tblptru,??_interruptions+12
   405  00003E  CFF5 F012          	movff	tablat,??_interruptions+13
   406                           
   407                           ;main.c: 112: if (PIR1bits.TMR2IF) {
   408  000042  B29E               	btfsc	3998,1,c	;volatile
   409  000044  D01D               	goto	i2l802
   410  000046  D024               	goto	i2l56
   411  000048                     i2l58:
   412                           
   413                           ;main.c: 115: PR2 = 255;
   414  000048  68BB               	setf	4027,c	;volatile
   415                           
   416                           ;main.c: 116: PORTAbits.RA5 = 0;
   417  00004A  9A80               	bcf	3968,5,c	;volatile
   418                           
   419                           ;main.c: 117: temp ++;
   420  00004C  4A19               	infsnz	_temp,f,c
   421  00004E  2A1A               	incf	_temp+1,f,c
   422                           
   423                           ;main.c: 118: if (temp < 50){
   424  000050  BE1A               	btfsc	_temp+1,7,c
   425  000052  D006               	goto	i2l792
   426  000054  501A               	movf	_temp+1,w,c
   427  000056  E107               	bnz	i2l794
   428  000058  0E32               	movlw	50
   429  00005A  5C19               	subwf	_temp,w,c
   430  00005C  B0D8               	btfsc	status,0,c
   431  00005E  D003               	goto	i2l794
   432  000060                     i2l792:
   433                           
   434                           ;main.c: 119: temp ++;
   435  000060  4A19               	infsnz	_temp,f,c
   436  000062  2A1A               	incf	_temp+1,f,c
   437                           
   438                           ;main.c: 120: } else {
   439  000064  D014               	goto	i2l61
   440  000066                     i2l794:
   441                           
   442                           ;main.c: 121: trigger = TRIGGER_OFF;
   443  000066  0E01               	movlw	1
   444  000068  6E1D               	movwf	_trigger,c
   445                           
   446                           ;main.c: 122: temp = 0;
   447  00006A  0E00               	movlw	0
   448  00006C  6E1A               	movwf	_temp+1,c
   449  00006E  0E00               	movlw	0
   450  000070  6E19               	movwf	_temp,c
   451                           
   452                           ;main.c: 123: }
   453                           ;main.c: 124: break;
   454  000072  D00D               	goto	i2l61
   455  000074                     i2l796:
   456                           
   457                           ;main.c: 126: PR2 = 3;
   458  000074  0E03               	movlw	3
   459  000076  6EBB               	movwf	4027,c	;volatile
   460                           
   461                           ;main.c: 127: PORTAbits.RA5 = 1;
   462  000078  8A80               	bsf	3968,5,c	;volatile
   463                           
   464                           ;main.c: 128: trigger = TRIGGER_ON;
   465  00007A  0E00               	movlw	0
   466  00007C  6E1D               	movwf	_trigger,c
   467                           
   468                           ;main.c: 130: }
   469                           
   470                           ;main.c: 129: break;
   471  00007E  D007               	goto	i2l61
   472  000080                     i2l802:
   473  000080  501D               	movf	_trigger,w,c
   474                           
   475                           ; Switch size 1, requested type "space"
   476                           ; Number of cases is 2, Range of values is 0 to 1
   477                           ; switch strategies available:
   478                           ; Name         Instructions Cycles
   479                           ; simple_byte            7     4 (average)
   480                           ;	Chosen strategy is simple_byte
   481  000082  0A00               	xorlw	0	; case 0
   482  000084  B4D8               	btfsc	status,2,c
   483  000086  D7E0               	goto	i2l58
   484  000088  0A01               	xorlw	1	; case 1
   485  00008A  B4D8               	btfsc	status,2,c
   486  00008C  D7F3               	goto	i2l796
   487  00008E                     i2l61:
   488                           
   489                           ;main.c: 131: PIR1bits.TMR2IF = 0;
   490  00008E  929E               	bcf	3998,1,c	;volatile
   491  000090                     i2l56:
   492                           
   493                           ;main.c: 132: }
   494                           ;main.c: 134: if (PIR1bits.TMR1IF) {
   495  000090  A09E               	btfss	3998,0,c	;volatile
   496  000092  D004               	goto	i2l806
   497                           
   498                           ;main.c: 135: int val;
   499                           ;main.c: 136: val=0;
   500  000094  0E00               	movlw	0
   501  000096  6E14               	movwf	interruptions@val+1,c
   502  000098  0E00               	movlw	0
   503  00009A  6E13               	movwf	interruptions@val,c
   504  00009C                     i2l806:
   505                           
   506                           ;main.c: 137: }
   507                           ;main.c: 139: if (PIR4bits.CCP5IF) {
   508  00009C  A47B               	btfss	3963,2,c	;volatile
   509  00009E  D017               	goto	i2l67
   510                           
   511                           ;main.c: 140: if (PORTAbits.RA4) {
   512  0000A0  A880               	btfss	3968,4,c	;volatile
   513  0000A2  D009               	goto	i2l814
   514                           
   515                           ;main.c: 141: capture = CCPR1;
   516  0000A4  CFBE F017          	movff	4030,_capture	;volatile
   517  0000A8  CFBF F018          	movff	4031,_capture+1	;volatile
   518                           
   519                           ;main.c: 142: CCP5CONbits.CCP5M = 0b100;
   520  0000AC  010F               	movlb	15	; () banked
   521  0000AE  5154               	movf	84,w,b	;volatile
   522  0000B0  0BF0               	andlw	-16
   523  0000B2  0904               	iorlw	4
   524  0000B4  D00A               	goto	L1
   525  0000B6                     i2l814:
   526                           
   527                           ;main.c: 144: CompleteCapture(CCPR5);
   528  0000B6  CF55 F001          	movff	3925,CompleteCapture@instant	;volatile
   529  0000BA  CF56 F002          	movff	3926,CompleteCapture@instant+1	;volatile
   530  0000BE  ECAB  F000         	call	_CompleteCapture	;wreg free
   531                           
   532                           ;main.c: 145: CCP5CONbits.CCP5M = 0b101;
   533  0000C2  010F               	movlb	15	; () banked
   534  0000C4  5154               	movf	84,w,b	;volatile
   535  0000C6  0BF0               	andlw	-16
   536  0000C8  0905               	iorlw	5
   537  0000CA                     L1:
   538  0000CA  6F54               	movwf	84,b	;volatile
   539                           
   540                           ; BSR set to: 15
   541                           ;main.c: 146: }
   542                           ;main.c: 147: PIR4bits.CCP5IF = 0;
   543                           
   544                           ; BSR set to: 15
   545  0000CC  947B               	bcf	3963,2,c	;volatile
   546  0000CE                     i2l67:
   547  0000CE  C012  FFF5         	movff	??_interruptions+13,tablat
   548  0000D2  C011  FFF8         	movff	??_interruptions+12,tblptru
   549  0000D6  C010  FFF7         	movff	??_interruptions+11,tblptrh
   550  0000DA  C00F  FFF6         	movff	??_interruptions+10,tblptrl
   551  0000DE  C00E  FFF4         	movff	??_interruptions+9,prodh
   552  0000E2  C00D  FFF3         	movff	??_interruptions+8,prodl
   553  0000E6  C00C  FFDA         	movff	??_interruptions+7,fsr2h
   554  0000EA  C00B  FFD9         	movff	??_interruptions+6,fsr2l
   555  0000EE  C00A  FFE2         	movff	??_interruptions+5,fsr1h
   556  0000F2  C009  FFE1         	movff	??_interruptions+4,fsr1l
   557  0000F6  C008  FFEA         	movff	??_interruptions+3,fsr0h
   558  0000FA  C007  FFE9         	movff	??_interruptions+2,fsr0l
   559  0000FE  C006  FFFB         	movff	??_interruptions+1,pclatu
   560  000102  C005  FFFA         	movff	??_interruptions,pclath
   561  000106  921E               	bcf	btemp,1,c	;clear compiler interrupt flag (level 2)
   562  000108  0011               	retfie		f
   563  00010A                     __end_of_interruptions:
   564                           	opt stack 0
   565                           pclatu	equ	0xFFB
   566                           pclath	equ	0xFFA
   567                           tblptru	equ	0xFF8
   568                           tblptrh	equ	0xFF7
   569                           tblptrl	equ	0xFF6
   570                           tablat	equ	0xFF5
   571                           prodh	equ	0xFF4
   572                           prodl	equ	0xFF3
   573                           intcon	equ	0xFF2
   574                           postinc0	equ	0xFEE
   575                           fsr0h	equ	0xFEA
   576                           fsr0l	equ	0xFE9
   577                           wreg	equ	0xFE8
   578                           fsr1h	equ	0xFE2
   579                           fsr1l	equ	0xFE1
   580                           fsr2h	equ	0xFDA
   581                           fsr2l	equ	0xFD9
   582                           status	equ	0xFD8
   583                           
   584 ;; *************** function _CompleteCapture *****************
   585 ;; Defined at:
   586 ;;		line 156 in file "main.c"
   587 ;; Parameters:    Size  Location     Type
   588 ;;  instant         2    0[COMRAM] unsigned int 
   589 ;; Auto vars:     Size  Location     Type
   590 ;;		None
   591 ;; Return value:  Size  Location     Type
   592 ;;                  1    wreg      void 
   593 ;; Registers used:
   594 ;;		wreg, status,2, status,0
   595 ;; Tracked objects:
   596 ;;		On entry : 0/0
   597 ;;		On exit  : 0/0
   598 ;;		Unchanged: 0/0
   599 ;; Data sizes:     COMRAM   BANK0   BANK1   BANK2   BANK3   BANK4   BANK5
   600 ;;      Params:         2       0       0       0       0       0       0
   601 ;;      Locals:         0       0       0       0       0       0       0
   602 ;;      Temps:          2       0       0       0       0       0       0
   603 ;;      Totals:         4       0       0       0       0       0       0
   604 ;;Total ram usage:        4 bytes
   605 ;; Hardware stack levels used:    1
   606 ;; This function calls:
   607 ;;		Nothing
   608 ;; This function is called by:
   609 ;;		_interruptions
   610 ;; This function uses a non-reentrant model
   611 ;;
   612                           
   613                           	psect	text3
   614  000156                     __ptext3:
   615                           	opt stack 0
   616  000156                     _CompleteCapture:
   617                           	opt stack 28
   618                           
   619                           ;main.c: 157: if (instant >= capture){
   620                           
   621                           ;incstack = 0
   622  000156  5017               	movf	_capture,w,c
   623  000158  5C01               	subwf	CompleteCapture@instant,w,c
   624  00015A  5018               	movf	_capture+1,w,c
   625  00015C  5802               	subwfb	CompleteCapture@instant+1,w,c
   626  00015E  A0D8               	btfss	status,0,c
   627  000160  D00E               	goto	i2l778
   628                           
   629                           ;main.c: 158: capture = (instant - capture);
   630  000162  C017  F003         	movff	_capture,??_CompleteCapture
   631  000166  C018  F004         	movff	_capture+1,??_CompleteCapture+1
   632  00016A  1E03               	comf	??_CompleteCapture,f,c
   633  00016C  1E04               	comf	??_CompleteCapture+1,f,c
   634  00016E  4A03               	infsnz	??_CompleteCapture,f,c
   635  000170  2A04               	incf	??_CompleteCapture+1,f,c
   636  000172  5001               	movf	CompleteCapture@instant,w,c
   637  000174  2403               	addwf	??_CompleteCapture,w,c
   638  000176  6E17               	movwf	_capture,c
   639  000178  5002               	movf	CompleteCapture@instant+1,w,c
   640  00017A  2004               	addwfc	??_CompleteCapture+1,w,c
   641  00017C  D009               	goto	L2
   642  00017E                     i2l778:
   643                           
   644                           ;main.c: 160: capture = (65536 - capture);
   645  00017E  6C17               	negf	_capture,c
   646  000180  1E18               	comf	_capture+1,f,c
   647  000182  B0D8               	btfsc	status,0,c
   648  000184  2A18               	incf	_capture+1,f,c
   649                           
   650                           ;main.c: 161: capture = (instant + capture);
   651  000186  5017               	movf	_capture,w,c
   652  000188  2401               	addwf	CompleteCapture@instant,w,c
   653  00018A  6E17               	movwf	_capture,c
   654  00018C  5018               	movf	_capture+1,w,c
   655  00018E  2002               	addwfc	CompleteCapture@instant+1,w,c
   656  000190                     L2:
   657  000190  6E18               	movwf	_capture+1,c
   658                           
   659                           ;main.c: 162: }
   660                           ;main.c: 163: distance = capture;
   661  000192  C017  F015         	movff	_capture,_distance
   662  000196  C018  F016         	movff	_capture+1,_distance+1
   663  00019A  0012               	return		;funcret
   664  00019C                     __end_of_CompleteCapture:
   665                           	opt stack 0
   666  0000                     pclatu	equ	0xFFB
   667                           pclath	equ	0xFFA
   668                           tblptru	equ	0xFF8
   669                           tblptrh	equ	0xFF7
   670                           tblptrl	equ	0xFF6
   671                           tablat	equ	0xFF5
   672                           prodh	equ	0xFF4
   673                           prodl	equ	0xFF3
   674                           intcon	equ	0xFF2
   675                           postinc0	equ	0xFEE
   676                           fsr0h	equ	0xFEA
   677                           fsr0l	equ	0xFE9
   678                           wreg	equ	0xFE8
   679                           fsr1h	equ	0xFE2
   680                           fsr1l	equ	0xFE1
   681                           fsr2h	equ	0xFDA
   682                           fsr2l	equ	0xFD9
   683                           status	equ	0xFD8
   684                           pclatu	equ	0xFFB
   685                           pclath	equ	0xFFA
   686                           tblptru	equ	0xFF8
   687                           tblptrh	equ	0xFF7
   688                           tblptrl	equ	0xFF6
   689                           tablat	equ	0xFF5
   690                           prodh	equ	0xFF4
   691                           prodl	equ	0xFF3
   692                           intcon	equ	0xFF2
   693                           postinc0	equ	0xFEE
   694                           fsr0h	equ	0xFEA
   695                           fsr0l	equ	0xFE9
   696                           wreg	equ	0xFE8
   697                           fsr1h	equ	0xFE2
   698                           fsr1l	equ	0xFE1
   699                           fsr2h	equ	0xFDA
   700                           fsr2l	equ	0xFD9
   701                           status	equ	0xFD8
   702                           
   703                           	psect	rparam
   704  0000                     pclatu	equ	0xFFB
   705                           pclath	equ	0xFFA
   706                           tblptru	equ	0xFF8
   707                           tblptrh	equ	0xFF7
   708                           tblptrl	equ	0xFF6
   709                           tablat	equ	0xFF5
   710                           prodh	equ	0xFF4
   711                           prodl	equ	0xFF3
   712                           intcon	equ	0xFF2
   713                           postinc0	equ	0xFEE
   714                           fsr0h	equ	0xFEA
   715                           fsr0l	equ	0xFE9
   716                           wreg	equ	0xFE8
   717                           fsr1h	equ	0xFE2
   718                           fsr1l	equ	0xFE1
   719                           fsr2h	equ	0xFDA
   720                           fsr2l	equ	0xFD9
   721                           status	equ	0xFD8
   722                           
   723                           	psect	temp
   724  00001E                     btemp:
   725                           	opt stack 0
   726  00001E                     	ds	1
   727  0000                     int$flags	set	btemp
   728                           pclatu	equ	0xFFB
   729                           pclath	equ	0xFFA
   730                           tblptru	equ	0xFF8
   731                           tblptrh	equ	0xFF7
   732                           tblptrl	equ	0xFF6
   733                           tablat	equ	0xFF5
   734                           prodh	equ	0xFF4
   735                           prodl	equ	0xFF3
   736                           intcon	equ	0xFF2
   737                           postinc0	equ	0xFEE
   738                           fsr0h	equ	0xFEA
   739                           fsr0l	equ	0xFE9
   740                           wreg	equ	0xFE8
   741                           fsr1h	equ	0xFE2
   742                           fsr1l	equ	0xFE1
   743                           fsr2h	equ	0xFDA
   744                           fsr2l	equ	0xFD9
   745                           status	equ	0xFD8


Data Sizes:
    Strings     0
    Constant    0
    Data        0
    BSS         9
    Persistent  0
    Stack       0

Auto Spaces:
    Space          Size  Autos    Used
    COMRAM           94     20      29
    BANK0           160      0       0
    BANK1           256      0       0
    BANK2           256      0       0
    BANK3           256      0       0
    BANK4           256      0       0
    BANK5           256      0       0

Pointer List with Targets:

    None.

Critical Paths under _main in COMRAM

    None.

Critical Paths under _interruptions in COMRAM

    _interruptions->_CompleteCapture

Critical Paths under _main in BANK0

    None.

Critical Paths under _interruptions in BANK0

    None.

Critical Paths under _main in BANK1

    None.

Critical Paths under _interruptions in BANK1

    None.

Critical Paths under _main in BANK2

    None.

Critical Paths under _interruptions in BANK2

    None.

Critical Paths under _main in BANK3

    None.

Critical Paths under _interruptions in BANK3

    None.

Critical Paths under _main in BANK4

    None.

Critical Paths under _interruptions in BANK4

    None.

Critical Paths under _main in BANK5

    None.

Critical Paths under _interruptions in BANK5

    None.

Call Graph Tables:

 ---------------------------------------------------------------------------------
 (Depth) Function   	        Calls       Base Space   Used Autos Params    Refs
 ---------------------------------------------------------------------------------
 (0) _main                                                 0     0      0       0
             _initialisationHardware
 ---------------------------------------------------------------------------------
 (1) _initialisationHardware                               0     0      0       0
 ---------------------------------------------------------------------------------
 Estimated maximum stack depth 1
 ---------------------------------------------------------------------------------
 (Depth) Function   	        Calls       Base Space   Used Autos Params    Refs
 ---------------------------------------------------------------------------------
 (2) _interruptions                                       16    16      0     110
                                              4 COMRAM    16    16      0
                    _CompleteCapture
 ---------------------------------------------------------------------------------
 (3) _CompleteCapture                                      4     2      2     109
                                              0 COMRAM     4     2      2
 ---------------------------------------------------------------------------------
 Estimated maximum stack depth 3
 ---------------------------------------------------------------------------------

 Call Graph Graphs:

 _main (ROOT)
   _initialisationHardware

 _interruptions (ROOT)
   _CompleteCapture

 Address spaces:
Name               Size   Autos  Total    Cost      Usage
BIGRAM             5FF      0       0      16        0.0%
EEDATA             100      0       0       0        0.0%
BITBANK5           100      0       0      14        0.0%
BANK5              100      0       0      15        0.0%
BITBANK4           100      0       0      12        0.0%
BANK4              100      0       0      13        0.0%
BITBANK3           100      0       0      10        0.0%
BANK3              100      0       0      11        0.0%
BITBANK2           100      0       0       7        0.0%
BANK2              100      0       0       8        0.0%
BITBANK1           100      0       0       5        0.0%
BANK1              100      0       0       6        0.0%
BITBANK0            A0      0       0       3        0.0%
BANK0               A0      0       0       4        0.0%
BITCOMRAM           5E      0       0       0        0.0%
COMRAM              5E     14      1D       1       30.9%
BITSFR_1             0      0       0     200        0.0%
SFR_1                0      0       0     200        0.0%
BITSFR               0      0       0     200        0.0%
SFR                  0      0       0     200        0.0%
STACK                0      0       0       2        0.0%
NULL                 0      0       0       0        0.0%
ABS                  0      0      1D       9        0.0%
DATA                 0      0      1D      17        0.0%
CODE                 0      0       0       0        0.0%


Microchip Technology PIC18 Macro Assembler V1.41 build -162212810 
Symbol Table                                                                                   Sun Jun 04 13:37:32 2017

                             l75 01BC            __end_of_interruptions 010A  
                            _PR2 000FBB                              wreg 000FE8  
                   __CFG_LVP$OFF 000000                             i2l61 008E  
                           i2l56 0090                             i2l58 0048  
                           i2l67 00CE                             _main 01B6  
                           _temp 0019                             fsr0h 000FEA  
                           fsr1h 000FE2                             fsr2h 000FDA  
                           fsr0l 000FE9                             fsr1l 000FE1  
                           fsr2l 000FD9                             btemp 001E  
                           prodh 000FF4                             prodl 000FF3  
                           start 010A                    __CFG_IESO$OFF 000000  
                   ___param_bank 000000                            ?_main 0001  
                          _CCPR1 000FBE                            _CCPR5 000F55  
                          _T2CON 000FBA                            i2l802 0080  
                          i2l814 00B6                            i2l806 009C  
                          i2l792 0060                            i2l778 017E  
                          i2l794 0066                            i2l796 0074  
                 __CFG_FCMEN$OFF 000000               __CFG_MCLRE$EXTMCLR 000000  
                          _pulse 001B                            pclath 000FFA  
                          tablat 000FF5                            status 000FD8  
                __initialization 019C                ??_CompleteCapture 0003  
                   __end_of_main 01BE                           ??_main 0015  
                  __activetblptr 000002                           _ANSELA 000F38  
                 __CFG_WDTEN$OFF 000000                     _CCPTMRS1bits 000F48  
                         clear_0 01A2                           tblptrh 000FF7  
                         tblptrl 000FF6                           tblptru 000FF8  
                     __accesstop 0060          __end_of__initialization 01A8  
                  ___rparam_used 000001                   __pcstackCOMRAM 0001  
       ??_initialisationHardware 0015                  _CompleteCapture 0156  
         __size_of_interruptions 0102                          __Hparam 0000  
                        __Lparam 0000                          __pcinit 019C  
                        __ramtop 0600                          _capture 0017  
                        __ptext0 01B6                          __ptext1 010E  
                        __ptext3 0156                        _T1CONbits 000FCD  
                      _T2CONbits 000FBA           CompleteCapture@instant 0001  
                        _trigger 001D             end_of_initialization 01A8  
                  __Lmediumconst 0000  __size_of_initialisationHardware 0048  
                        postinc0 000FEE                    _interruptions 0008  
                      _PORTAbits 000F80          __end_of_CompleteCapture 019C  
                      _TRISAbits 000F92                      _CCP5CONbits 000F54  
                 ?_interruptions 0001           _initialisationHardware 010E  
            start_initialization 019C                      __pbssCOMRAM 0015  
               ?_CompleteCapture 0001                        __pintcode 0008  
                ??_interruptions 0005                         _IPR1bits 000F9F  
                       _PIE1bits 000F9D                         _IPR4bits 000F7C  
                       _PIE4bits 000F7A                         _PIR1bits 000F9E  
                       _PIR4bits 000F7B                         _RCONbits 000FD0  
                       __Hrparam 0000                         __Lrparam 0000  
        ?_initialisationHardware 0001                         _distance 0015  
                  __size_of_main 0008   __end_of_initialisationHardware 0156  
                       int$flags 001E                 interruptions@val 0013  
                     _INTCONbits 000FF2                         intlevel2 0000  
       __size_of_CompleteCapture 0046                __CFG_FOSC$INTIO67 000000  
